生成启动时间为 2017/9/10 22:46:44。
     1>项目“C:\Users\jek\Desktop\BattaryManager\BattaryManager\BattaryManager.vcxproj”在节点 2 上(Rebuild 个目标)。
     1>ClCompile:
         C:\Programming\vs2013\VC\bin\CL.exe /c /ZI /nologo /W3 /WX- /sdl /Od /Oy- /D WIN32 /D _WINDOWS /D _DEBUG /D _UNICODE /D UNICODE /D _AFXDLL /Gm /EHsc /RTC1 /MDd /GS /fp:precise /Zc:wchar_t /Zc:forScope /Yc"stdafx.h" /Fp"Debug\BattaryManager.pch" /Fo"Debug\\" /Fd"Debug\vc120.pdb" /Gd /TP /analyze- /errorReport:prompt stdafx.cpp
         stdafx.cpp
         C:\Programming\vs2013\VC\bin\CL.exe /c /ZI /nologo /W3 /WX- /sdl /Od /Oy- /D WIN32 /D _WINDOWS /D _DEBUG /D _UNICODE /D UNICODE /D _AFXDLL /Gm /EHsc /RTC1 /MDd /GS /fp:precise /Zc:wchar_t /Zc:forScope /Yu"stdafx.h" /Fp"Debug\BattaryManager.pch" /Fo"Debug\\" /Fd"Debug\vc120.pdb" /Gd /TP /analyze- /errorReport:prompt BattaryManager.cpp BattaryManagerDlg.cpp Warning.cpp
         Warning.cpp
         BattaryManagerDlg.cpp
     1>c:\users\jek\desktop\battarymanager\battarymanager\battarymanagerdlg.cpp(317): warning C4244: “参数”: 从“double”转换到“BYTE”，可能丢失数据
     1>c:\users\jek\desktop\battarymanager\battarymanager\battarymanagerdlg.cpp(333): warning C4244: “参数”: 从“double”转换到“BYTE”，可能丢失数据
     1>c:\users\jek\desktop\battarymanager\battarymanager\battarymanagerdlg.cpp(353): warning C4244: “参数”: 从“double”转换到“BYTE”，可能丢失数据
     1>c:\users\jek\desktop\battarymanager\battarymanager\battarymanagerdlg.cpp(426): warning C4800: “BYTE”: 将值强制为布尔值“true”或“false”(性能警告)
         BattaryManager.cpp
         正在生成代码...
       ResourceCompile:
         C:\Program Files (x86)\Windows Kits\8.1\bin\x86\rc.exe /D _DEBUG /D _UNICODE /D UNICODE /D _AFXDLL /l"0x0804" /IDebug\ /nologo /fo"Debug\BattaryManager.res" BattaryManager.rc 
       Link:
         C:\Programming\vs2013\VC\bin\link.exe /ERRORREPORT:PROMPT /OUT:"C:\Users\jek\Desktop\BattaryManager\Debug\BattaryManager.exe" /INCREMENTAL /NOLOGO /MANIFEST /MANIFESTUAC:"level='asInvoker' uiAccess='false'" /manifest:embed /manifestinput:C:\Programming\vs2013\VC\Include\Manifest\dpiaware.manifest /DEBUG /PDB:"C:\Users\jek\Desktop\BattaryManager\Debug\BattaryManager.pdb" /SUBSYSTEM:WINDOWS /TLBID:1 /ENTRY:"wWinMainCRTStartup" /DYNAMICBASE /NXCOMPAT /IMPLIB:"C:\Users\jek\Desktop\BattaryManager\Debug\BattaryManager.lib" /MACHINE:X86 Debug\BattaryManager.res
         Debug\BattaryManager.obj
         Debug\BattaryManagerDlg.obj
         Debug\stdafx.obj
         Debug\Warning.obj
         BattaryManager.vcxproj -> C:\Users\jek\Desktop\BattaryManager\Debug\BattaryManager.exe
     1>已完成生成项目“C:\Users\jek\Desktop\BattaryManager\BattaryManager\BattaryManager.vcxproj”(Rebuild 个目标)的操作。

生成成功。

已用时间 00:00:07.90
