c:\users\jek\desktop\battarymanager\battarymanager\debug\battarymanager.pch
c:\users\jek\desktop\battarymanager\battarymanager\debug\vc120.pdb
c:\users\jek\desktop\battarymanager\battarymanager\debug\vc120.idb
c:\users\jek\desktop\battarymanager\battarymanager\debug\stdafx.obj
c:\users\jek\desktop\battarymanager\battarymanager\debug\battarymanager.obj
c:\users\jek\desktop\battarymanager\battarymanager\debug\battarymanagerdlg.obj
c:\users\jek\desktop\battarymanager\battarymanager\debug\warning.obj
c:\users\jek\desktop\battarymanager\debug\battarymanager.ilk
c:\users\jek\desktop\battarymanager\debug\battarymanager.exe
c:\users\jek\desktop\battarymanager\debug\battarymanager.pdb
c:\users\jek\desktop\battarymanager\battarymanager\debug\battarymanager.res
c:\users\jek\desktop\battarymanager\battarymanager\debug\battarymanager.tlog\cl.command.1.tlog
c:\users\jek\desktop\battarymanager\battarymanager\debug\battarymanager.tlog\cl.read.1.tlog
c:\users\jek\desktop\battarymanager\battarymanager\debug\battarymanager.tlog\cl.write.1.tlog
c:\users\jek\desktop\battarymanager\battarymanager\debug\battarymanager.tlog\link.command.1.tlog
c:\users\jek\desktop\battarymanager\battarymanager\debug\battarymanager.tlog\link.read.1.tlog
c:\users\jek\desktop\battarymanager\battarymanager\debug\battarymanager.tlog\link.write.1.tlog
c:\users\jek\desktop\battarymanager\battarymanager\debug\battarymanager.tlog\rc.command.1.tlog
c:\users\jek\desktop\battarymanager\battarymanager\debug\battarymanager.tlog\rc.read.1.tlog
c:\users\jek\desktop\battarymanager\battarymanager\debug\battarymanager.tlog\rc.write.1.tlog
